<?xml version="1.0" encoding="UTF-8"?>
<testsuite xmlns:xsi="http://www.w3.org/2001/XMLSchema-instance" xsi:noNamespaceSchemaLocation="https://maven.apache.org/surefire/maven-surefire-plugin/xsd/surefire-test-report.xsd" name="fr.theialand.insitu.dataportal.etl.transformer.GeotoolkitBugsTest" time="0.917" tests="2" errors="0" skipped="1" failures="0">
  <properties>
    <property name="sun.desktop" value="gnome"/>
    <property name="awt.toolkit" value="sun.awt.X11.XToolkit"/>
    <property name="java.specification.version" value="11"/>
    <property name="sun.cpu.isalist" value=""/>
    <property name="sun.jnu.encoding" value="UTF-8"/>
    <property name="java.class.path" value="/home/coussotc/dev/theia-ozcar-projects/backend-springboot/etl-mongo-geonetwork/target/test-classes:/home/coussotc/dev/theia-ozcar-projects/backend-springboot/etl-mongo-geonetwork/target/classes:/home/coussotc/dev/theia-ozcar-projects/backend-springboot/apiclient/apiclient-geonetwork/target/apiclient-geonetwork-0.0.1-SNAPSHOT.jar:/home/coussotc/dev/theia-ozcar-projects/backend-springboot/apiclient/apiclient-common/target/apiclient-common-0.0.1-SNAPSHOT.jar:/home/coussotc/.m2/repository/org/springframework/boot/spring-boot-starter-web/2.6.6/spring-boot-starter-web-2.6.6.jar:/home/coussotc/.m2/repository/org/springframework/boot/spring-boot-starter-json/2.6.6/spring-boot-starter-json-2.6.6.jar:/home/coussotc/.m2/repository/com/fasterxml/jackson/datatype/jackson-datatype-jdk8/2.12.1/jackson-datatype-jdk8-2.12.1.jar:/home/coussotc/.m2/repository/com/fasterxml/jackson/datatype/jackson-datatype-jsr310/2.12.1/jackson-datatype-jsr310-2.12.1.jar:/home/coussotc/.m2/repository/com/fasterxml/jackson/module/jackson-module-parameter-names/2.12.1/jackson-module-parameter-names-2.12.1.jar:/home/coussotc/.m2/repository/org/springframework/boot/spring-boot-starter-tomcat/2.6.6/spring-boot-starter-tomcat-2.6.6.jar:/home/coussotc/.m2/repository/org/apache/tomcat/embed/tomcat-embed-core/9.0.60/tomcat-embed-core-9.0.60.jar:/home/coussotc/.m2/repository/org/apache/tomcat/embed/tomcat-embed-el/9.0.60/tomcat-embed-el-9.0.60.jar:/home/coussotc/.m2/repository/org/apache/tomcat/embed/tomcat-embed-websocket/9.0.60/tomcat-embed-websocket-9.0.60.jar:/home/coussotc/.m2/repository/org/springframework/spring-web/5.3.18/spring-web-5.3.18.jar:/home/coussotc/.m2/repository/org/springframework/spring-webmvc/5.3.18/spring-webmvc-5.3.18.jar:/home/coussotc/.m2/repository/io/swagger/swagger-annotations/1.6.2/swagger-annotations-1.6.2.jar:/home/coussotc/.m2/repository/org/apache/sis/core/sis-metadata/2.0-M0070/sis-metadata-2.0-M0070.jar:/home/coussotc/.m2/repository/org/apache/sis/core/sis-utility/2.0-M0070/sis-utility-2.0-M0070.jar:/home/coussotc/.m2/repository/javax/measure/unit-api/1.0/unit-api-1.0.jar:/home/coussotc/.m2/repository/org/opengis/geoapi-pending/4.0-M12/geoapi-pending-4.0-M12.jar:/home/coussotc/.m2/repository/org/apache/sis/core/sis-referencing/2.0-M0070/sis-referencing-2.0-M0070.jar:/home/coussotc/.m2/repository/jakarta/xml/bind/jakarta.xml.bind-api/2.3.3/jakarta.xml.bind-api-2.3.3.jar:/home/coussotc/.m2/repository/jakarta/activation/jakarta.activation-api/1.2.2/jakarta.activation-api-1.2.2.jar:/home/coussotc/.m2/repository/org/glassfish/jaxb/jaxb-runtime/2.3.6/jaxb-runtime-2.3.6.jar:/home/coussotc/.m2/repository/org/glassfish/jaxb/txw2/2.3.6/txw2-2.3.6.jar:/home/coussotc/.m2/repository/com/sun/istack/istack-commons-runtime/3.0.12/istack-commons-runtime-3.0.12.jar:/home/coussotc/.m2/repository/com/sun/activation/jakarta.activation/1.2.2/jakarta.activation-1.2.2.jar:/home/coussotc/.m2/repository/com/google/code/findbugs/jsr305/3.0.2/jsr305-3.0.2.jar:/home/coussotc/dev/theia-ozcar-projects/backend-springboot/mongodb-repository/target/mongodb-repository-0.0.1-SNAPSHOT.jar:/home/coussotc/.m2/repository/org/springframework/boot/spring-boot-starter-data-mongodb/2.6.6/spring-boot-starter-data-mongodb-2.6.6.jar:/home/coussotc/.m2/repository/org/mongodb/mongodb-driver-sync/4.4.2/mongodb-driver-sync-4.4.2.jar:/home/coussotc/.m2/repository/org/springframework/data/spring-data-mongodb/3.3.3/spring-data-mongodb-3.3.3.jar:/home/coussotc/.m2/repository/org/springframework/spring-tx/5.3.18/spring-tx-5.3.18.jar:/home/coussotc/.m2/repository/org/springframework/spring-beans/5.3.18/spring-beans-5.3.18.jar:/home/coussotc/.m2/repository/org/springframework/spring-expression/5.3.18/spring-expression-5.3.18.jar:/home/coussotc/.m2/repository/org/springframework/data/spring-data-commons/2.6.3/spring-data-commons-2.6.3.jar:/home/coussotc/.m2/repository/org/json/json/20200518/json-20200518.jar:/home/coussotc/.m2/repository/com/fasterxml/jackson/core/jackson-core/2.12.1/jackson-core-2.12.1.jar:/home/coussotc/.m2/repository/com/fasterxml/jackson/core/jackson-databind/2.12.1/jackson-databind-2.12.1.jar:/home/coussotc/.m2/repository/com/fasterxml/jackson/core/jackson-annotations/2.12.1/jackson-annotations-2.12.1.jar:/home/coussotc/dev/theia-ozcar-projects/backend-springboot/common/common-models/target/common-models-0.0.1-SNAPSHOT.jar:/home/coussotc/.m2/repository/org/mongodb/mongodb-driver-core/4.4.2/mongodb-driver-core-4.4.2.jar:/home/coussotc/.m2/repository/org/mongodb/bson/4.4.2/bson-4.4.2.jar:/home/coussotc/.m2/repository/com/github/victools/jsonschema-generator/4.18.0/jsonschema-generator-4.18.0.jar:/home/coussotc/.m2/repository/com/fasterxml/classmate/1.5.1/classmate-1.5.1.jar:/home/coussotc/.m2/repository/org/slf4j/slf4j-api/1.7.36/slf4j-api-1.7.36.jar:/home/coussotc/.m2/repository/com/github/victools/jsonschema-module-jackson/4.18.0/jsonschema-module-jackson-4.18.0.jar:/home/coussotc/.m2/repository/com/github/victools/jsonschema-module-javax-validation/4.18.0/jsonschema-module-javax-validation-4.18.0.jar:/home/coussotc/.m2/repository/javax/validation/validation-api/2.0.1.Final/validation-api-2.0.1.Final.jar:/home/coussotc/.m2/repository/org/apache/sis/non-free/sis-embedded-data/1.0/sis-embedded-data-1.0.jar:/home/coussotc/.m2/repository/org/apache/derby/derby/10.14.2.0/derby-10.14.2.0.jar:/home/coussotc/.m2/repository/org/geotoolkit/geotk-feature-geojson/5.0.0-MC0082/geotk-feature-geojson-5.0.0-MC0082.jar:/home/coussotc/.m2/repository/org/geotoolkit/geotk-storage/5.0.0-MC0082/geotk-storage-5.0.0-MC0082.jar:/home/coussotc/.m2/repository/org/geotoolkit/geotk-feature/5.0.0-MC0082/geotk-feature-5.0.0-MC0082.jar:/home/coussotc/.m2/repository/org/apache/sis/core/sis-cql/2.0-M0070/sis-cql-2.0-M0070.jar:/home/coussotc/.m2/repository/org/geotoolkit/geotk-jtswrapper/5.0.0-MC0082/geotk-jtswrapper-5.0.0-MC0082.jar:/home/coussotc/.m2/repository/org/geotoolkit/geotk-geometry/5.0.0-MC0082/geotk-geometry-5.0.0-MC0082.jar:/home/coussotc/.m2/repository/org/locationtech/jts/jts-core/1.16.1/jts-core-1.16.1.jar:/home/coussotc/.m2/repository/org/antlr/antlr4-runtime/4.7/antlr4-runtime-4.7.jar:/home/coussotc/.m2/repository/org/codehaus/groovy/groovy-all/2.4.17/groovy-all-2.4.17.jar:/home/coussotc/.m2/repository/commons-beanutils/commons-beanutils/1.9.4/commons-beanutils-1.9.4.jar:/home/coussotc/.m2/repository/commons-collections/commons-collections/3.2.2/commons-collections-3.2.2.jar:/home/coussotc/.m2/repository/jaxen/jaxen-limited/1.1.2/jaxen-limited-1.1.2.jar:/home/coussotc/.m2/repository/org/luaj/luaj-jse/3.0.1/luaj-jse-3.0.1.jar:/home/coussotc/.m2/repository/org/geotoolkit/geotk-coverage/5.0.0-MC0082/geotk-coverage-5.0.0-MC0082.jar:/home/coussotc/.m2/repository/javax/media/jai_imageio/1.1.1/jai_imageio-1.1.1.jar:/home/coussotc/.m2/repository/org/geotoolkit/geotk-coverage-imagery/5.0.0-MC0082/geotk-coverage-imagery-5.0.0-MC0082.jar:/home/coussotc/.m2/repository/javax/media/jai_core/1.1.3/jai_core-1.1.3.jar:/home/coussotc/.m2/repository/javax/media/jai_codec/1.1.3/jai_codec-1.1.3.jar:/home/coussotc/.m2/repository/org/geotoolkit/geotk-temporal/5.0.0-MC0082/geotk-temporal-5.0.0-MC0082.jar:/home/coussotc/.m2/repository/org/geotoolkit/geotk-utility/5.0.0-MC0082/geotk-utility-5.0.0-MC0082.jar:/home/coussotc/.m2/repository/org/apache/sis/storage/sis-storage/2.0-M0070/sis-storage-2.0-M0070.jar:/home/coussotc/.m2/repository/org/apache/sis/core/sis-feature/2.0-M0070/sis-feature-2.0-M0070.jar:/home/coussotc/.m2/repository/javax/vecmath/vecmath/1.5.2/vecmath-1.5.2.jar:/home/coussotc/.m2/repository/org/xmlunit/xmlunit-assertj/2.8.4/xmlunit-assertj-2.8.4.jar:/home/coussotc/.m2/repository/org/xmlunit/xmlunit-core/2.8.4/xmlunit-core-2.8.4.jar:/home/coussotc/.m2/repository/org/assertj/assertj-core/3.21.0/assertj-core-3.21.0.jar:/home/coussotc/.m2/repository/net/bytebuddy/byte-buddy/1.11.22/byte-buddy-1.11.22.jar:/home/coussotc/.m2/repository/org/springframework/boot/spring-boot-starter/2.6.6/spring-boot-starter-2.6.6.jar:/home/coussotc/.m2/repository/org/springframework/boot/spring-boot/2.6.6/spring-boot-2.6.6.jar:/home/coussotc/.m2/repository/org/springframework/spring-context/5.3.18/spring-context-5.3.18.jar:/home/coussotc/.m2/repository/org/springframework/spring-aop/5.3.18/spring-aop-5.3.18.jar:/home/coussotc/.m2/repository/org/springframework/boot/spring-boot-starter-logging/2.6.6/spring-boot-starter-logging-2.6.6.jar:/home/coussotc/.m2/repository/ch/qos/logback/logback-classic/1.2.11/logback-classic-1.2.11.jar:/home/coussotc/.m2/repository/ch/qos/logback/logback-core/1.2.11/logback-core-1.2.11.jar:/home/coussotc/.m2/repository/org/apache/logging/log4j/log4j-to-slf4j/2.17.2/log4j-to-slf4j-2.17.2.jar:/home/coussotc/.m2/repository/org/apache/logging/log4j/log4j-api/2.17.2/log4j-api-2.17.2.jar:/home/coussotc/.m2/repository/org/slf4j/jul-to-slf4j/1.7.36/jul-to-slf4j-1.7.36.jar:/home/coussotc/.m2/repository/jakarta/annotation/jakarta.annotation-api/1.3.5/jakarta.annotation-api-1.3.5.jar:/home/coussotc/.m2/repository/org/springframework/spring-core/5.3.18/spring-core-5.3.18.jar:/home/coussotc/.m2/repository/org/springframework/spring-jcl/5.3.18/spring-jcl-5.3.18.jar:/home/coussotc/.m2/repository/org/yaml/snakeyaml/1.29/snakeyaml-1.29.jar:/home/coussotc/.m2/repository/org/springframework/boot/spring-boot-autoconfigure/2.6.6/spring-boot-autoconfigure-2.6.6.jar:/home/coussotc/.m2/repository/commons-io/commons-io/2.8.0/commons-io-2.8.0.jar:/home/coussotc/.m2/repository/org/apache/commons/commons-collections4/4.4/commons-collections4-4.4.jar:/home/coussotc/.m2/repository/org/apache/commons/commons-lang3/3.11/commons-lang3-3.11.jar:/home/coussotc/.m2/repository/org/apache/maven/plugins/maven-failsafe-plugin/2.22.2/maven-failsafe-plugin-2.22.2.jar:/home/coussotc/.m2/repository/org/apache/maven/surefire/maven-surefire-common/2.22.2/maven-surefire-common-2.22.2.jar:/home/coussotc/.m2/repository/org/apache/maven/maven-plugin-api/2.2.1/maven-plugin-api-2.2.1.jar:/home/coussotc/.m2/repository/org/apache/maven/plugin-tools/maven-plugin-annotations/3.5.2/maven-plugin-annotations-3.5.2.jar:/home/coussotc/.m2/repository/org/apache/maven/surefire/surefire-api/2.22.2/surefire-api-2.22.2.jar:/home/coussotc/.m2/repository/org/apache/maven/surefire/surefire-logger-api/2.22.2/surefire-logger-api-2.22.2.jar:/home/coussotc/.m2/repository/org/apache/maven/surefire/surefire-booter/2.22.2/surefire-booter-2.22.2.jar:/home/coussotc/.m2/repository/org/apache/maven/maven-artifact/2.2.1/maven-artifact-2.2.1.jar:/home/coussotc/.m2/repository/org/codehaus/plexus/plexus-utils/1.5.15/plexus-utils-1.5.15.jar:/home/coussotc/.m2/repository/org/apache/maven/maven-plugin-descriptor/2.2.1/maven-plugin-descriptor-2.2.1.jar:/home/coussotc/.m2/repository/org/codehaus/plexus/plexus-container-default/1.0-alpha-9-stable-1/plexus-container-default-1.0-alpha-9-stable-1.jar:/home/coussotc/.m2/repository/junit/junit/4.13.2/junit-4.13.2.jar:/home/coussotc/.m2/repository/org/hamcrest/hamcrest-core/2.2/hamcrest-core-2.2.jar:/home/coussotc/.m2/repository/org/apache/maven/maven-project/2.2.1/maven-project-2.2.1.jar:/home/coussotc/.m2/repository/org/apache/maven/maven-settings/2.2.1/maven-settings-2.2.1.jar:/home/coussotc/.m2/repository/org/apache/maven/maven-profile/2.2.1/maven-profile-2.2.1.jar:/home/coussotc/.m2/repository/org/apache/maven/maven-artifact-manager/2.2.1/maven-artifact-manager-2.2.1.jar:/home/coussotc/.m2/repository/backport-util-concurrent/backport-util-concurrent/3.1/backport-util-concurrent-3.1.jar:/home/coussotc/.m2/repository/org/apache/maven/maven-plugin-registry/2.2.1/maven-plugin-registry-2.2.1.jar:/home/coussotc/.m2/repository/org/codehaus/plexus/plexus-interpolation/1.11/plexus-interpolation-1.11.jar:/home/coussotc/.m2/repository/org/apache/maven/maven-model/2.2.1/maven-model-2.2.1.jar:/home/coussotc/.m2/repository/org/apache/maven/maven-core/2.2.1/maven-core-2.2.1.jar:/home/coussotc/.m2/repository/org/apache/maven/maven-plugin-parameter-documenter/2.2.1/maven-plugin-parameter-documenter-2.2.1.jar:/home/coussotc/.m2/repository/org/apache/maven/wagon/wagon-http/1.0-beta-6/wagon-http-1.0-beta-6.jar:/home/coussotc/.m2/repository/org/apache/maven/wagon/wagon-http-shared/1.0-beta-6/wagon-http-shared-1.0-beta-6.jar:/home/coussotc/.m2/repository/nekohtml/xercesMinimal/1.9.6.2/xercesMinimal-1.9.6.2.jar:/home/coussotc/.m2/repository/nekohtml/nekohtml/1.9.6.2/nekohtml-1.9.6.2.jar:/home/coussotc/.m2/repository/commons-httpclient/commons-httpclient/3.1/commons-httpclient-3.1.jar:/home/coussotc/.m2/repository/commons-codec/commons-codec/1.15/commons-codec-1.15.jar:/home/coussotc/.m2/repository/org/apache/maven/wagon/wagon-webdav-jackrabbit/1.0-beta-6/wagon-webdav-jackrabbit-1.0-beta-6.jar:/home/coussotc/.m2/repository/org/apache/jackrabbit/jackrabbit-webdav/1.5.0/jackrabbit-webdav-1.5.0.jar:/home/coussotc/.m2/repository/org/apache/jackrabbit/jackrabbit-jcr-commons/1.5.0/jackrabbit-jcr-commons-1.5.0.jar:/home/coussotc/.m2/repository/org/slf4j/slf4j-nop/1.7.36/slf4j-nop-1.7.36.jar:/home/coussotc/.m2/repository/org/slf4j/slf4j-jdk14/1.7.36/slf4j-jdk14-1.7.36.jar:/home/coussotc/.m2/repository/org/slf4j/jcl-over-slf4j/1.7.36/jcl-over-slf4j-1.7.36.jar:/home/coussotc/.m2/repository/org/apache/maven/reporting/maven-reporting-api/2.2.1/maven-reporting-api-2.2.1.jar:/home/coussotc/.m2/repository/org/apache/maven/doxia/doxia-logging-api/1.1/doxia-logging-api-1.1.jar:/home/coussotc/.m2/repository/org/apache/maven/wagon/wagon-provider-api/1.0-beta-6/wagon-provider-api-1.0-beta-6.jar:/home/coussotc/.m2/repository/org/apache/maven/maven-repository-metadata/2.2.1/maven-repository-metadata-2.2.1.jar:/home/coussotc/.m2/repository/org/apache/maven/maven-error-diagnostics/2.2.1/maven-error-diagnostics-2.2.1.jar:/home/coussotc/.m2/repository/org/apache/maven/maven-monitor/2.2.1/maven-monitor-2.2.1.jar:/home/coussotc/.m2/repository/classworlds/classworlds/1.1/classworlds-1.1.jar:/home/coussotc/.m2/repository/org/sonatype/plexus/plexus-sec-dispatcher/1.3/plexus-sec-dispatcher-1.3.jar:/home/coussotc/.m2/repository/org/sonatype/plexus/plexus-cipher/1.4/plexus-cipher-1.4.jar:/home/coussotc/.m2/repository/org/apache/maven/maven-toolchain/2.2.1/maven-toolchain-2.2.1.jar:/home/coussotc/.m2/repository/org/codehaus/plexus/plexus-java/0.9.10/plexus-java-0.9.10.jar:/home/coussotc/.m2/repository/org/ow2/asm/asm/6.2/asm-6.2.jar:/home/coussotc/.m2/repository/com/thoughtworks/qdox/qdox/2.0-M8/qdox-2.0-M8.jar:/home/coussotc/.m2/repository/org/springframework/boot/spring-boot-starter-test/2.6.6/spring-boot-starter-test-2.6.6.jar:/home/coussotc/.m2/repository/org/springframework/boot/spring-boot-test/2.6.6/spring-boot-test-2.6.6.jar:/home/coussotc/.m2/repository/org/springframework/boot/spring-boot-test-autoconfigure/2.6.6/spring-boot-test-autoconfigure-2.6.6.jar:/home/coussotc/.m2/repository/com/jayway/jsonpath/json-path/2.6.0/json-path-2.6.0.jar:/home/coussotc/.m2/repository/net/minidev/json-smart/2.4.8/json-smart-2.4.8.jar:/home/coussotc/.m2/repository/net/minidev/accessors-smart/2.4.8/accessors-smart-2.4.8.jar:/home/coussotc/.m2/repository/org/hamcrest/hamcrest/2.2/hamcrest-2.2.jar:/home/coussotc/.m2/repository/org/junit/jupiter/junit-jupiter/5.8.2/junit-jupiter-5.8.2.jar:/home/coussotc/.m2/repository/org/junit/jupiter/junit-jupiter-api/5.8.2/junit-jupiter-api-5.8.2.jar:/home/coussotc/.m2/repository/org/opentest4j/opentest4j/1.2.0/opentest4j-1.2.0.jar:/home/coussotc/.m2/repository/org/junit/platform/junit-platform-commons/1.8.2/junit-platform-commons-1.8.2.jar:/home/coussotc/.m2/repository/org/apiguardian/apiguardian-api/1.1.2/apiguardian-api-1.1.2.jar:/home/coussotc/.m2/repository/org/junit/jupiter/junit-jupiter-params/5.8.2/junit-jupiter-params-5.8.2.jar:/home/coussotc/.m2/repository/org/junit/jupiter/junit-jupiter-engine/5.8.2/junit-jupiter-engine-5.8.2.jar:/home/coussotc/.m2/repository/org/junit/platform/junit-platform-engine/1.8.2/junit-platform-engine-1.8.2.jar:/home/coussotc/.m2/repository/org/mockito/mockito-core/4.0.0/mockito-core-4.0.0.jar:/home/coussotc/.m2/repository/net/bytebuddy/byte-buddy-agent/1.11.22/byte-buddy-agent-1.11.22.jar:/home/coussotc/.m2/repository/org/objenesis/objenesis/3.2/objenesis-3.2.jar:/home/coussotc/.m2/repository/org/mockito/mockito-junit-jupiter/4.0.0/mockito-junit-jupiter-4.0.0.jar:/home/coussotc/.m2/repository/org/skyscreamer/jsonassert/1.5.0/jsonassert-1.5.0.jar:/home/coussotc/.m2/repository/org/springframework/spring-test/5.3.18/spring-test-5.3.18.jar:"/>
    <property name="java.vm.vendor" value="Ubuntu"/>
    <property name="sun.arch.data.model" value="64"/>
    <property name="java.vendor.url" value="https://ubuntu.com/"/>
    <property name="user.timezone" value=""/>
    <property name="java.vm.specification.version" value="11"/>
    <property name="os.name" value="Linux"/>
    <property name="sun.java.launcher" value="SUN_STANDARD"/>
    <property name="user.country" value="US"/>
    <property name="sun.boot.library.path" value="/usr/lib/jvm/java-11-openjdk-amd64/lib"/>
    <property name="sun.java.command" value="/home/coussotc/dev/theia-ozcar-projects/backend-springboot/etl-mongo-geonetwork/target/surefire/surefirebooter6052110048837097752.jar /home/coussotc/dev/theia-ozcar-projects/backend-springboot/etl-mongo-geonetwork/target/surefire 2022-04-13T11-23-42_430-jvmRun1 surefire3197539444216724803tmp surefire_33541089086386786701tmp"/>
    <property name="jdk.debug" value="release"/>
    <property name="surefire.test.class.path" value="/home/coussotc/dev/theia-ozcar-projects/backend-springboot/etl-mongo-geonetwork/target/test-classes:/home/coussotc/dev/theia-ozcar-projects/backend-springboot/etl-mongo-geonetwork/target/classes:/home/coussotc/dev/theia-ozcar-projects/backend-springboot/apiclient/apiclient-geonetwork/target/apiclient-geonetwork-0.0.1-SNAPSHOT.jar:/home/coussotc/dev/theia-ozcar-projects/backend-springboot/apiclient/apiclient-common/target/apiclient-common-0.0.1-SNAPSHOT.jar:/home/coussotc/.m2/repository/org/springframework/boot/spring-boot-starter-web/2.6.6/spring-boot-starter-web-2.6.6.jar:/home/coussotc/.m2/repository/org/springframework/boot/spring-boot-starter-json/2.6.6/spring-boot-starter-json-2.6.6.jar:/home/coussotc/.m2/repository/com/fasterxml/jackson/datatype/jackson-datatype-jdk8/2.12.1/jackson-datatype-jdk8-2.12.1.jar:/home/coussotc/.m2/repository/com/fasterxml/jackson/datatype/jackson-datatype-jsr310/2.12.1/jackson-datatype-jsr310-2.12.1.jar:/home/coussotc/.m2/repository/com/fasterxml/jackson/module/jackson-module-parameter-names/2.12.1/jackson-module-parameter-names-2.12.1.jar:/home/coussotc/.m2/repository/org/springframework/boot/spring-boot-starter-tomcat/2.6.6/spring-boot-starter-tomcat-2.6.6.jar:/home/coussotc/.m2/repository/org/apache/tomcat/embed/tomcat-embed-core/9.0.60/tomcat-embed-core-9.0.60.jar:/home/coussotc/.m2/repository/org/apache/tomcat/embed/tomcat-embed-el/9.0.60/tomcat-embed-el-9.0.60.jar:/home/coussotc/.m2/repository/org/apache/tomcat/embed/tomcat-embed-websocket/9.0.60/tomcat-embed-websocket-9.0.60.jar:/home/coussotc/.m2/repository/org/springframework/spring-web/5.3.18/spring-web-5.3.18.jar:/home/coussotc/.m2/repository/org/springframework/spring-webmvc/5.3.18/spring-webmvc-5.3.18.jar:/home/coussotc/.m2/repository/io/swagger/swagger-annotations/1.6.2/swagger-annotations-1.6.2.jar:/home/coussotc/.m2/repository/org/apache/sis/core/sis-metadata/2.0-M0070/sis-metadata-2.0-M0070.jar:/home/coussotc/.m2/repository/org/apache/sis/core/sis-utility/2.0-M0070/sis-utility-2.0-M0070.jar:/home/coussotc/.m2/repository/javax/measure/unit-api/1.0/unit-api-1.0.jar:/home/coussotc/.m2/repository/org/opengis/geoapi-pending/4.0-M12/geoapi-pending-4.0-M12.jar:/home/coussotc/.m2/repository/org/apache/sis/core/sis-referencing/2.0-M0070/sis-referencing-2.0-M0070.jar:/home/coussotc/.m2/repository/jakarta/xml/bind/jakarta.xml.bind-api/2.3.3/jakarta.xml.bind-api-2.3.3.jar:/home/coussotc/.m2/repository/jakarta/activation/jakarta.activation-api/1.2.2/jakarta.activation-api-1.2.2.jar:/home/coussotc/.m2/repository/org/glassfish/jaxb/jaxb-runtime/2.3.6/jaxb-runtime-2.3.6.jar:/home/coussotc/.m2/repository/org/glassfish/jaxb/txw2/2.3.6/txw2-2.3.6.jar:/home/coussotc/.m2/repository/com/sun/istack/istack-commons-runtime/3.0.12/istack-commons-runtime-3.0.12.jar:/home/coussotc/.m2/repository/com/sun/activation/jakarta.activation/1.2.2/jakarta.activation-1.2.2.jar:/home/coussotc/.m2/repository/com/google/code/findbugs/jsr305/3.0.2/jsr305-3.0.2.jar:/home/coussotc/dev/theia-ozcar-projects/backend-springboot/mongodb-repository/target/mongodb-repository-0.0.1-SNAPSHOT.jar:/home/coussotc/.m2/repository/org/springframework/boot/spring-boot-starter-data-mongodb/2.6.6/spring-boot-starter-data-mongodb-2.6.6.jar:/home/coussotc/.m2/repository/org/mongodb/mongodb-driver-sync/4.4.2/mongodb-driver-sync-4.4.2.jar:/home/coussotc/.m2/repository/org/springframework/data/spring-data-mongodb/3.3.3/spring-data-mongodb-3.3.3.jar:/home/coussotc/.m2/repository/org/springframework/spring-tx/5.3.18/spring-tx-5.3.18.jar:/home/coussotc/.m2/repository/org/springframework/spring-beans/5.3.18/spring-beans-5.3.18.jar:/home/coussotc/.m2/repository/org/springframework/spring-expression/5.3.18/spring-expression-5.3.18.jar:/home/coussotc/.m2/repository/org/springframework/data/spring-data-commons/2.6.3/spring-data-commons-2.6.3.jar:/home/coussotc/.m2/repository/org/json/json/20200518/json-20200518.jar:/home/coussotc/.m2/repository/com/fasterxml/jackson/core/jackson-core/2.12.1/jackson-core-2.12.1.jar:/home/coussotc/.m2/repository/com/fasterxml/jackson/core/jackson-databind/2.12.1/jackson-databind-2.12.1.jar:/home/coussotc/.m2/repository/com/fasterxml/jackson/core/jackson-annotations/2.12.1/jackson-annotations-2.12.1.jar:/home/coussotc/dev/theia-ozcar-projects/backend-springboot/common/common-models/target/common-models-0.0.1-SNAPSHOT.jar:/home/coussotc/.m2/repository/org/mongodb/mongodb-driver-core/4.4.2/mongodb-driver-core-4.4.2.jar:/home/coussotc/.m2/repository/org/mongodb/bson/4.4.2/bson-4.4.2.jar:/home/coussotc/.m2/repository/com/github/victools/jsonschema-generator/4.18.0/jsonschema-generator-4.18.0.jar:/home/coussotc/.m2/repository/com/fasterxml/classmate/1.5.1/classmate-1.5.1.jar:/home/coussotc/.m2/repository/org/slf4j/slf4j-api/1.7.36/slf4j-api-1.7.36.jar:/home/coussotc/.m2/repository/com/github/victools/jsonschema-module-jackson/4.18.0/jsonschema-module-jackson-4.18.0.jar:/home/coussotc/.m2/repository/com/github/victools/jsonschema-module-javax-validation/4.18.0/jsonschema-module-javax-validation-4.18.0.jar:/home/coussotc/.m2/repository/javax/validation/validation-api/2.0.1.Final/validation-api-2.0.1.Final.jar:/home/coussotc/.m2/repository/org/apache/sis/non-free/sis-embedded-data/1.0/sis-embedded-data-1.0.jar:/home/coussotc/.m2/repository/org/apache/derby/derby/10.14.2.0/derby-10.14.2.0.jar:/home/coussotc/.m2/repository/org/geotoolkit/geotk-feature-geojson/5.0.0-MC0082/geotk-feature-geojson-5.0.0-MC0082.jar:/home/coussotc/.m2/repository/org/geotoolkit/geotk-storage/5.0.0-MC0082/geotk-storage-5.0.0-MC0082.jar:/home/coussotc/.m2/repository/org/geotoolkit/geotk-feature/5.0.0-MC0082/geotk-feature-5.0.0-MC0082.jar:/home/coussotc/.m2/repository/org/apache/sis/core/sis-cql/2.0-M0070/sis-cql-2.0-M0070.jar:/home/coussotc/.m2/repository/org/geotoolkit/geotk-jtswrapper/5.0.0-MC0082/geotk-jtswrapper-5.0.0-MC0082.jar:/home/coussotc/.m2/repository/org/geotoolkit/geotk-geometry/5.0.0-MC0082/geotk-geometry-5.0.0-MC0082.jar:/home/coussotc/.m2/repository/org/locationtech/jts/jts-core/1.16.1/jts-core-1.16.1.jar:/home/coussotc/.m2/repository/org/antlr/antlr4-runtime/4.7/antlr4-runtime-4.7.jar:/home/coussotc/.m2/repository/org/codehaus/groovy/groovy-all/2.4.17/groovy-all-2.4.17.jar:/home/coussotc/.m2/repository/commons-beanutils/commons-beanutils/1.9.4/commons-beanutils-1.9.4.jar:/home/coussotc/.m2/repository/commons-collections/commons-collections/3.2.2/commons-collections-3.2.2.jar:/home/coussotc/.m2/repository/jaxen/jaxen-limited/1.1.2/jaxen-limited-1.1.2.jar:/home/coussotc/.m2/repository/org/luaj/luaj-jse/3.0.1/luaj-jse-3.0.1.jar:/home/coussotc/.m2/repository/org/geotoolkit/geotk-coverage/5.0.0-MC0082/geotk-coverage-5.0.0-MC0082.jar:/home/coussotc/.m2/repository/javax/media/jai_imageio/1.1.1/jai_imageio-1.1.1.jar:/home/coussotc/.m2/repository/org/geotoolkit/geotk-coverage-imagery/5.0.0-MC0082/geotk-coverage-imagery-5.0.0-MC0082.jar:/home/coussotc/.m2/repository/javax/media/jai_core/1.1.3/jai_core-1.1.3.jar:/home/coussotc/.m2/repository/javax/media/jai_codec/1.1.3/jai_codec-1.1.3.jar:/home/coussotc/.m2/repository/org/geotoolkit/geotk-temporal/5.0.0-MC0082/geotk-temporal-5.0.0-MC0082.jar:/home/coussotc/.m2/repository/org/geotoolkit/geotk-utility/5.0.0-MC0082/geotk-utility-5.0.0-MC0082.jar:/home/coussotc/.m2/repository/org/apache/sis/storage/sis-storage/2.0-M0070/sis-storage-2.0-M0070.jar:/home/coussotc/.m2/repository/org/apache/sis/core/sis-feature/2.0-M0070/sis-feature-2.0-M0070.jar:/home/coussotc/.m2/repository/javax/vecmath/vecmath/1.5.2/vecmath-1.5.2.jar:/home/coussotc/.m2/repository/org/xmlunit/xmlunit-assertj/2.8.4/xmlunit-assertj-2.8.4.jar:/home/coussotc/.m2/repository/org/xmlunit/xmlunit-core/2.8.4/xmlunit-core-2.8.4.jar:/home/coussotc/.m2/repository/org/assertj/assertj-core/3.21.0/assertj-core-3.21.0.jar:/home/coussotc/.m2/repository/net/bytebuddy/byte-buddy/1.11.22/byte-buddy-1.11.22.jar:/home/coussotc/.m2/repository/org/springframework/boot/spring-boot-starter/2.6.6/spring-boot-starter-2.6.6.jar:/home/coussotc/.m2/repository/org/springframework/boot/spring-boot/2.6.6/spring-boot-2.6.6.jar:/home/coussotc/.m2/repository/org/springframework/spring-context/5.3.18/spring-context-5.3.18.jar:/home/coussotc/.m2/repository/org/springframework/spring-aop/5.3.18/spring-aop-5.3.18.jar:/home/coussotc/.m2/repository/org/springframework/boot/spring-boot-starter-logging/2.6.6/spring-boot-starter-logging-2.6.6.jar:/home/coussotc/.m2/repository/ch/qos/logback/logback-classic/1.2.11/logback-classic-1.2.11.jar:/home/coussotc/.m2/repository/ch/qos/logback/logback-core/1.2.11/logback-core-1.2.11.jar:/home/coussotc/.m2/repository/org/apache/logging/log4j/log4j-to-slf4j/2.17.2/log4j-to-slf4j-2.17.2.jar:/home/coussotc/.m2/repository/org/apache/logging/log4j/log4j-api/2.17.2/log4j-api-2.17.2.jar:/home/coussotc/.m2/repository/org/slf4j/jul-to-slf4j/1.7.36/jul-to-slf4j-1.7.36.jar:/home/coussotc/.m2/repository/jakarta/annotation/jakarta.annotation-api/1.3.5/jakarta.annotation-api-1.3.5.jar:/home/coussotc/.m2/repository/org/springframework/spring-core/5.3.18/spring-core-5.3.18.jar:/home/coussotc/.m2/repository/org/springframework/spring-jcl/5.3.18/spring-jcl-5.3.18.jar:/home/coussotc/.m2/repository/org/yaml/snakeyaml/1.29/snakeyaml-1.29.jar:/home/coussotc/.m2/repository/org/springframework/boot/spring-boot-autoconfigure/2.6.6/spring-boot-autoconfigure-2.6.6.jar:/home/coussotc/.m2/repository/commons-io/commons-io/2.8.0/commons-io-2.8.0.jar:/home/coussotc/.m2/repository/org/apache/commons/commons-collections4/4.4/commons-collections4-4.4.jar:/home/coussotc/.m2/repository/org/apache/commons/commons-lang3/3.11/commons-lang3-3.11.jar:/home/coussotc/.m2/repository/org/apache/maven/plugins/maven-failsafe-plugin/2.22.2/maven-failsafe-plugin-2.22.2.jar:/home/coussotc/.m2/repository/org/apache/maven/surefire/maven-surefire-common/2.22.2/maven-surefire-common-2.22.2.jar:/home/coussotc/.m2/repository/org/apache/maven/maven-plugin-api/2.2.1/maven-plugin-api-2.2.1.jar:/home/coussotc/.m2/repository/org/apache/maven/plugin-tools/maven-plugin-annotations/3.5.2/maven-plugin-annotations-3.5.2.jar:/home/coussotc/.m2/repository/org/apache/maven/surefire/surefire-api/2.22.2/surefire-api-2.22.2.jar:/home/coussotc/.m2/repository/org/apache/maven/surefire/surefire-logger-api/2.22.2/surefire-logger-api-2.22.2.jar:/home/coussotc/.m2/repository/org/apache/maven/surefire/surefire-booter/2.22.2/surefire-booter-2.22.2.jar:/home/coussotc/.m2/repository/org/apache/maven/maven-artifact/2.2.1/maven-artifact-2.2.1.jar:/home/coussotc/.m2/repository/org/codehaus/plexus/plexus-utils/1.5.15/plexus-utils-1.5.15.jar:/home/coussotc/.m2/repository/org/apache/maven/maven-plugin-descriptor/2.2.1/maven-plugin-descriptor-2.2.1.jar:/home/coussotc/.m2/repository/org/codehaus/plexus/plexus-container-default/1.0-alpha-9-stable-1/plexus-container-default-1.0-alpha-9-stable-1.jar:/home/coussotc/.m2/repository/junit/junit/4.13.2/junit-4.13.2.jar:/home/coussotc/.m2/repository/org/hamcrest/hamcrest-core/2.2/hamcrest-core-2.2.jar:/home/coussotc/.m2/repository/org/apache/maven/maven-project/2.2.1/maven-project-2.2.1.jar:/home/coussotc/.m2/repository/org/apache/maven/maven-settings/2.2.1/maven-settings-2.2.1.jar:/home/coussotc/.m2/repository/org/apache/maven/maven-profile/2.2.1/maven-profile-2.2.1.jar:/home/coussotc/.m2/repository/org/apache/maven/maven-artifact-manager/2.2.1/maven-artifact-manager-2.2.1.jar:/home/coussotc/.m2/repository/backport-util-concurrent/backport-util-concurrent/3.1/backport-util-concurrent-3.1.jar:/home/coussotc/.m2/repository/org/apache/maven/maven-plugin-registry/2.2.1/maven-plugin-registry-2.2.1.jar:/home/coussotc/.m2/repository/org/codehaus/plexus/plexus-interpolation/1.11/plexus-interpolation-1.11.jar:/home/coussotc/.m2/repository/org/apache/maven/maven-model/2.2.1/maven-model-2.2.1.jar:/home/coussotc/.m2/repository/org/apache/maven/maven-core/2.2.1/maven-core-2.2.1.jar:/home/coussotc/.m2/repository/org/apache/maven/maven-plugin-parameter-documenter/2.2.1/maven-plugin-parameter-documenter-2.2.1.jar:/home/coussotc/.m2/repository/org/apache/maven/wagon/wagon-http/1.0-beta-6/wagon-http-1.0-beta-6.jar:/home/coussotc/.m2/repository/org/apache/maven/wagon/wagon-http-shared/1.0-beta-6/wagon-http-shared-1.0-beta-6.jar:/home/coussotc/.m2/repository/nekohtml/xercesMinimal/1.9.6.2/xercesMinimal-1.9.6.2.jar:/home/coussotc/.m2/repository/nekohtml/nekohtml/1.9.6.2/nekohtml-1.9.6.2.jar:/home/coussotc/.m2/repository/commons-httpclient/commons-httpclient/3.1/commons-httpclient-3.1.jar:/home/coussotc/.m2/repository/commons-codec/commons-codec/1.15/commons-codec-1.15.jar:/home/coussotc/.m2/repository/org/apache/maven/wagon/wagon-webdav-jackrabbit/1.0-beta-6/wagon-webdav-jackrabbit-1.0-beta-6.jar:/home/coussotc/.m2/repository/org/apache/jackrabbit/jackrabbit-webdav/1.5.0/jackrabbit-webdav-1.5.0.jar:/home/coussotc/.m2/repository/org/apache/jackrabbit/jackrabbit-jcr-commons/1.5.0/jackrabbit-jcr-commons-1.5.0.jar:/home/coussotc/.m2/repository/org/slf4j/slf4j-nop/1.7.36/slf4j-nop-1.7.36.jar:/home/coussotc/.m2/repository/org/slf4j/slf4j-jdk14/1.7.36/slf4j-jdk14-1.7.36.jar:/home/coussotc/.m2/repository/org/slf4j/jcl-over-slf4j/1.7.36/jcl-over-slf4j-1.7.36.jar:/home/coussotc/.m2/repository/org/apache/maven/reporting/maven-reporting-api/2.2.1/maven-reporting-api-2.2.1.jar:/home/coussotc/.m2/repository/org/apache/maven/doxia/doxia-logging-api/1.1/doxia-logging-api-1.1.jar:/home/coussotc/.m2/repository/org/apache/maven/wagon/wagon-provider-api/1.0-beta-6/wagon-provider-api-1.0-beta-6.jar:/home/coussotc/.m2/repository/org/apache/maven/maven-repository-metadata/2.2.1/maven-repository-metadata-2.2.1.jar:/home/coussotc/.m2/repository/org/apache/maven/maven-error-diagnostics/2.2.1/maven-error-diagnostics-2.2.1.jar:/home/coussotc/.m2/repository/org/apache/maven/maven-monitor/2.2.1/maven-monitor-2.2.1.jar:/home/coussotc/.m2/repository/classworlds/classworlds/1.1/classworlds-1.1.jar:/home/coussotc/.m2/repository/org/sonatype/plexus/plexus-sec-dispatcher/1.3/plexus-sec-dispatcher-1.3.jar:/home/coussotc/.m2/repository/org/sonatype/plexus/plexus-cipher/1.4/plexus-cipher-1.4.jar:/home/coussotc/.m2/repository/org/apache/maven/maven-toolchain/2.2.1/maven-toolchain-2.2.1.jar:/home/coussotc/.m2/repository/org/codehaus/plexus/plexus-java/0.9.10/plexus-java-0.9.10.jar:/home/coussotc/.m2/repository/org/ow2/asm/asm/6.2/asm-6.2.jar:/home/coussotc/.m2/repository/com/thoughtworks/qdox/qdox/2.0-M8/qdox-2.0-M8.jar:/home/coussotc/.m2/repository/org/springframework/boot/spring-boot-starter-test/2.6.6/spring-boot-starter-test-2.6.6.jar:/home/coussotc/.m2/repository/org/springframework/boot/spring-boot-test/2.6.6/spring-boot-test-2.6.6.jar:/home/coussotc/.m2/repository/org/springframework/boot/spring-boot-test-autoconfigure/2.6.6/spring-boot-test-autoconfigure-2.6.6.jar:/home/coussotc/.m2/repository/com/jayway/jsonpath/json-path/2.6.0/json-path-2.6.0.jar:/home/coussotc/.m2/repository/net/minidev/json-smart/2.4.8/json-smart-2.4.8.jar:/home/coussotc/.m2/repository/net/minidev/accessors-smart/2.4.8/accessors-smart-2.4.8.jar:/home/coussotc/.m2/repository/org/hamcrest/hamcrest/2.2/hamcrest-2.2.jar:/home/coussotc/.m2/repository/org/junit/jupiter/junit-jupiter/5.8.2/junit-jupiter-5.8.2.jar:/home/coussotc/.m2/repository/org/junit/jupiter/junit-jupiter-api/5.8.2/junit-jupiter-api-5.8.2.jar:/home/coussotc/.m2/repository/org/opentest4j/opentest4j/1.2.0/opentest4j-1.2.0.jar:/home/coussotc/.m2/repository/org/junit/platform/junit-platform-commons/1.8.2/junit-platform-commons-1.8.2.jar:/home/coussotc/.m2/repository/org/apiguardian/apiguardian-api/1.1.2/apiguardian-api-1.1.2.jar:/home/coussotc/.m2/repository/org/junit/jupiter/junit-jupiter-params/5.8.2/junit-jupiter-params-5.8.2.jar:/home/coussotc/.m2/repository/org/junit/jupiter/junit-jupiter-engine/5.8.2/junit-jupiter-engine-5.8.2.jar:/home/coussotc/.m2/repository/org/junit/platform/junit-platform-engine/1.8.2/junit-platform-engine-1.8.2.jar:/home/coussotc/.m2/repository/org/mockito/mockito-core/4.0.0/mockito-core-4.0.0.jar:/home/coussotc/.m2/repository/net/bytebuddy/byte-buddy-agent/1.11.22/byte-buddy-agent-1.11.22.jar:/home/coussotc/.m2/repository/org/objenesis/objenesis/3.2/objenesis-3.2.jar:/home/coussotc/.m2/repository/org/mockito/mockito-junit-jupiter/4.0.0/mockito-junit-jupiter-4.0.0.jar:/home/coussotc/.m2/repository/org/skyscreamer/jsonassert/1.5.0/jsonassert-1.5.0.jar:/home/coussotc/.m2/repository/org/springframework/spring-test/5.3.18/spring-test-5.3.18.jar:"/>
    <property name="sun.cpu.endian" value="little"/>
    <property name="user.home" value="/home/coussotc"/>
    <property name="user.language" value="en"/>
    <property name="java.specification.vendor" value="Oracle Corporation"/>
    <property name="java.version.date" value="2022-02-08"/>
    <property name="java.home" value="/usr/lib/jvm/java-11-openjdk-amd64"/>
    <property name="file.separator" value="/"/>
    <property name="basedir" value="/home/coussotc/dev/theia-ozcar-projects/backend-springboot/etl-mongo-geonetwork"/>
    <property name="java.vm.compressedOopsMode" value="Zero based"/>
    <property name="line.separator" value="&#10;"/>
    <property name="java.specification.name" value="Java Platform API Specification"/>
    <property name="java.vm.specification.vendor" value="Oracle Corporation"/>
    <property name="java.awt.graphicsenv" value="sun.awt.X11GraphicsEnvironment"/>
    <property name="surefire.real.class.path" value="/home/coussotc/dev/theia-ozcar-projects/backend-springboot/etl-mongo-geonetwork/target/surefire/surefirebooter6052110048837097752.jar"/>
    <property name="sun.management.compiler" value="HotSpot 64-Bit Tiered Compilers"/>
    <property name="java.runtime.version" value="11.0.14.1+1-Ubuntu-0ubuntu1.20.04"/>
    <property name="user.name" value="coussotc"/>
    <property name="path.separator" value=":"/>
    <property name="os.version" value="5.13.0-39-generic"/>
    <property name="java.runtime.name" value="OpenJDK Runtime Environment"/>
    <property name="file.encoding" value="UTF-8"/>
    <property name="java.vm.name" value="OpenJDK 64-Bit Server VM"/>
    <property name="localRepository" value="/home/coussotc/.m2/repository"/>
    <property name="java.vendor.url.bug" value="https://bugs.launchpad.net/ubuntu/+source/openjdk-lts"/>
    <property name="java.io.tmpdir" value="/tmp"/>
    <property name="idea.version" value="2021.2"/>
    <property name="java.version" value="11.0.14.1"/>
    <property name="user.dir" value="/home/coussotc/dev/theia-ozcar-projects/backend-springboot/etl-mongo-geonetwork"/>
    <property name="os.arch" value="amd64"/>
    <property name="java.vm.specification.name" value="Java Virtual Machine Specification"/>
    <property name="java.awt.printerjob" value="sun.print.PSPrinterJob"/>
    <property name="sun.os.patch.level" value="unknown"/>
    <property name="java.library.path" value="/usr/java/packages/lib:/usr/lib/x86_64-linux-gnu/jni:/lib/x86_64-linux-gnu:/usr/lib/x86_64-linux-gnu:/usr/lib/jni:/lib:/usr/lib"/>
    <property name="java.vm.info" value="mixed mode, sharing"/>
    <property name="java.vendor" value="Ubuntu"/>
    <property name="java.vm.version" value="11.0.14.1+1-Ubuntu-0ubuntu1.20.04"/>
    <property name="sun.io.unicode.encoding" value="UnicodeLittle"/>
    <property name="java.class.version" value="55.0"/>
  </properties>
  <testcase name="inversionOfCoordinatesTrapTest" classname="fr.theialand.insitu.dataportal.etl.transformer.GeotoolkitBugsTest" time="0.916"/>
  <testcase name="parsingOrderBugTest" classname="fr.theialand.insitu.dataportal.etl.transformer.GeotoolkitBugsTest" time="0">
    <skipped message="&apos;type&apos; should come before &apos;coordinates&apos;, or else the parser fails. issue posted to geotoolkit folks. Hopefully, we managed to get type first."/>
  </testcase>
</testsuite>