<?xml version="1.0" encoding="UTF-8"?>
<testsuite xmlns:xsi="http://www.w3.org/2001/XMLSchema-instance" xsi:noNamespaceSchemaLocation="https://maven.apache.org/surefire/maven-failsafe-plugin/xsd/failsafe-test-report.xsd" name="fr.theialand.insitu.dataportal.api.restcountries.RestCountriesIT" time="3.165" tests="2" errors="0" skipped="0" failures="0">
  <properties>
    <property name="sun.desktop" value="gnome"/>
    <property name="awt.toolkit" value="sun.awt.X11.XToolkit"/>
    <property name="java.specification.version" value="11"/>
    <property name="sun.cpu.isalist" value=""/>
    <property name="sun.jnu.encoding" value="UTF-8"/>
    <property name="java.class.path" value="/home/coussotc/dev/theia-ozcar-projects/backend-springboot/apiclient/apiclient-restcountries/target/test-classes:/home/coussotc/dev/theia-ozcar-projects/backend-springboot/apiclient/apiclient-restcountries/target/classes:/home/coussotc/dev/theia-ozcar-projects/backend-springboot/apiclient/apiclient-common/target/apiclient-common-0.0.1-SNAPSHOT.jar:/home/coussotc/.m2/repository/org/springframework/boot/spring-boot-starter-web/2.6.6/spring-boot-starter-web-2.6.6.jar:/home/coussotc/.m2/repository/org/springframework/boot/spring-boot-starter-json/2.6.6/spring-boot-starter-json-2.6.6.jar:/home/coussotc/.m2/repository/com/fasterxml/jackson/core/jackson-databind/2.12.1/jackson-databind-2.12.1.jar:/home/coussotc/.m2/repository/com/fasterxml/jackson/core/jackson-annotations/2.12.1/jackson-annotations-2.12.1.jar:/home/coussotc/.m2/repository/com/fasterxml/jackson/core/jackson-core/2.12.1/jackson-core-2.12.1.jar:/home/coussotc/.m2/repository/com/fasterxml/jackson/datatype/jackson-datatype-jdk8/2.12.1/jackson-datatype-jdk8-2.12.1.jar:/home/coussotc/.m2/repository/com/fasterxml/jackson/datatype/jackson-datatype-jsr310/2.12.1/jackson-datatype-jsr310-2.12.1.jar:/home/coussotc/.m2/repository/com/fasterxml/jackson/module/jackson-module-parameter-names/2.12.1/jackson-module-parameter-names-2.12.1.jar:/home/coussotc/.m2/repository/org/springframework/boot/spring-boot-starter-tomcat/2.6.6/spring-boot-starter-tomcat-2.6.6.jar:/home/coussotc/.m2/repository/org/apache/tomcat/embed/tomcat-embed-core/9.0.60/tomcat-embed-core-9.0.60.jar:/home/coussotc/.m2/repository/org/apache/tomcat/embed/tomcat-embed-el/9.0.60/tomcat-embed-el-9.0.60.jar:/home/coussotc/.m2/repository/org/apache/tomcat/embed/tomcat-embed-websocket/9.0.60/tomcat-embed-websocket-9.0.60.jar:/home/coussotc/.m2/repository/org/springframework/spring-web/5.3.18/spring-web-5.3.18.jar:/home/coussotc/.m2/repository/org/springframework/spring-beans/5.3.18/spring-beans-5.3.18.jar:/home/coussotc/.m2/repository/org/springframework/spring-webmvc/5.3.18/spring-webmvc-5.3.18.jar:/home/coussotc/.m2/repository/org/springframework/spring-aop/5.3.18/spring-aop-5.3.18.jar:/home/coussotc/.m2/repository/org/springframework/spring-expression/5.3.18/spring-expression-5.3.18.jar:/home/coussotc/.m2/repository/org/springframework/boot/spring-boot-starter/2.6.6/spring-boot-starter-2.6.6.jar:/home/coussotc/.m2/repository/org/springframework/boot/spring-boot/2.6.6/spring-boot-2.6.6.jar:/home/coussotc/.m2/repository/org/springframework/spring-context/5.3.18/spring-context-5.3.18.jar:/home/coussotc/.m2/repository/org/springframework/boot/spring-boot-starter-logging/2.6.6/spring-boot-starter-logging-2.6.6.jar:/home/coussotc/.m2/repository/ch/qos/logback/logback-classic/1.2.11/logback-classic-1.2.11.jar:/home/coussotc/.m2/repository/ch/qos/logback/logback-core/1.2.11/logback-core-1.2.11.jar:/home/coussotc/.m2/repository/org/apache/logging/log4j/log4j-to-slf4j/2.17.2/log4j-to-slf4j-2.17.2.jar:/home/coussotc/.m2/repository/org/apache/logging/log4j/log4j-api/2.17.2/log4j-api-2.17.2.jar:/home/coussotc/.m2/repository/org/slf4j/jul-to-slf4j/1.7.36/jul-to-slf4j-1.7.36.jar:/home/coussotc/.m2/repository/jakarta/annotation/jakarta.annotation-api/1.3.5/jakarta.annotation-api-1.3.5.jar:/home/coussotc/.m2/repository/org/springframework/spring-core/5.3.18/spring-core-5.3.18.jar:/home/coussotc/.m2/repository/org/springframework/spring-jcl/5.3.18/spring-jcl-5.3.18.jar:/home/coussotc/.m2/repository/org/yaml/snakeyaml/1.29/snakeyaml-1.29.jar:/home/coussotc/.m2/repository/org/springframework/boot/spring-boot-autoconfigure/2.6.6/spring-boot-autoconfigure-2.6.6.jar:/home/coussotc/.m2/repository/commons-io/commons-io/2.8.0/commons-io-2.8.0.jar:/home/coussotc/.m2/repository/org/apache/commons/commons-collections4/4.4/commons-collections4-4.4.jar:/home/coussotc/.m2/repository/org/apache/commons/commons-lang3/3.11/commons-lang3-3.11.jar:/home/coussotc/.m2/repository/org/apache/maven/plugins/maven-failsafe-plugin/2.22.2/maven-failsafe-plugin-2.22.2.jar:/home/coussotc/.m2/repository/org/apache/maven/surefire/maven-surefire-common/2.22.2/maven-surefire-common-2.22.2.jar:/home/coussotc/.m2/repository/org/apache/maven/maven-plugin-api/2.2.1/maven-plugin-api-2.2.1.jar:/home/coussotc/.m2/repository/org/apache/maven/plugin-tools/maven-plugin-annotations/3.5.2/maven-plugin-annotations-3.5.2.jar:/home/coussotc/.m2/repository/org/apache/maven/surefire/surefire-api/2.22.2/surefire-api-2.22.2.jar:/home/coussotc/.m2/repository/org/apache/maven/surefire/surefire-logger-api/2.22.2/surefire-logger-api-2.22.2.jar:/home/coussotc/.m2/repository/org/apache/maven/surefire/surefire-booter/2.22.2/surefire-booter-2.22.2.jar:/home/coussotc/.m2/repository/org/apache/maven/maven-artifact/2.2.1/maven-artifact-2.2.1.jar:/home/coussotc/.m2/repository/org/codehaus/plexus/plexus-utils/1.5.15/plexus-utils-1.5.15.jar:/home/coussotc/.m2/repository/org/apache/maven/maven-plugin-descriptor/2.2.1/maven-plugin-descriptor-2.2.1.jar:/home/coussotc/.m2/repository/org/codehaus/plexus/plexus-container-default/1.0-alpha-9-stable-1/plexus-container-default-1.0-alpha-9-stable-1.jar:/home/coussotc/.m2/repository/junit/junit/4.13.2/junit-4.13.2.jar:/home/coussotc/.m2/repository/org/hamcrest/hamcrest-core/2.2/hamcrest-core-2.2.jar:/home/coussotc/.m2/repository/org/apache/maven/maven-project/2.2.1/maven-project-2.2.1.jar:/home/coussotc/.m2/repository/org/apache/maven/maven-settings/2.2.1/maven-settings-2.2.1.jar:/home/coussotc/.m2/repository/org/apache/maven/maven-profile/2.2.1/maven-profile-2.2.1.jar:/home/coussotc/.m2/repository/org/apache/maven/maven-artifact-manager/2.2.1/maven-artifact-manager-2.2.1.jar:/home/coussotc/.m2/repository/backport-util-concurrent/backport-util-concurrent/3.1/backport-util-concurrent-3.1.jar:/home/coussotc/.m2/repository/org/apache/maven/maven-plugin-registry/2.2.1/maven-plugin-registry-2.2.1.jar:/home/coussotc/.m2/repository/org/codehaus/plexus/plexus-interpolation/1.11/plexus-interpolation-1.11.jar:/home/coussotc/.m2/repository/org/apache/maven/maven-model/2.2.1/maven-model-2.2.1.jar:/home/coussotc/.m2/repository/org/apache/maven/maven-core/2.2.1/maven-core-2.2.1.jar:/home/coussotc/.m2/repository/org/apache/maven/maven-plugin-parameter-documenter/2.2.1/maven-plugin-parameter-documenter-2.2.1.jar:/home/coussotc/.m2/repository/org/apache/maven/wagon/wagon-http/1.0-beta-6/wagon-http-1.0-beta-6.jar:/home/coussotc/.m2/repository/org/apache/maven/wagon/wagon-http-shared/1.0-beta-6/wagon-http-shared-1.0-beta-6.jar:/home/coussotc/.m2/repository/nekohtml/xercesMinimal/1.9.6.2/xercesMinimal-1.9.6.2.jar:/home/coussotc/.m2/repository/nekohtml/nekohtml/1.9.6.2/nekohtml-1.9.6.2.jar:/home/coussotc/.m2/repository/commons-httpclient/commons-httpclient/3.1/commons-httpclient-3.1.jar:/home/coussotc/.m2/repository/commons-codec/commons-codec/1.15/commons-codec-1.15.jar:/home/coussotc/.m2/repository/org/apache/maven/wagon/wagon-webdav-jackrabbit/1.0-beta-6/wagon-webdav-jackrabbit-1.0-beta-6.jar:/home/coussotc/.m2/repository/org/apache/jackrabbit/jackrabbit-webdav/1.5.0/jackrabbit-webdav-1.5.0.jar:/home/coussotc/.m2/repository/org/apache/jackrabbit/jackrabbit-jcr-commons/1.5.0/jackrabbit-jcr-commons-1.5.0.jar:/home/coussotc/.m2/repository/org/slf4j/slf4j-nop/1.7.36/slf4j-nop-1.7.36.jar:/home/coussotc/.m2/repository/org/slf4j/slf4j-jdk14/1.7.36/slf4j-jdk14-1.7.36.jar:/home/coussotc/.m2/repository/org/slf4j/jcl-over-slf4j/1.7.36/jcl-over-slf4j-1.7.36.jar:/home/coussotc/.m2/repository/org/apache/maven/reporting/maven-reporting-api/2.2.1/maven-reporting-api-2.2.1.jar:/home/coussotc/.m2/repository/org/apache/maven/doxia/doxia-logging-api/1.1/doxia-logging-api-1.1.jar:/home/coussotc/.m2/repository/org/apache/maven/wagon/wagon-provider-api/1.0-beta-6/wagon-provider-api-1.0-beta-6.jar:/home/coussotc/.m2/repository/org/apache/maven/maven-repository-metadata/2.2.1/maven-repository-metadata-2.2.1.jar:/home/coussotc/.m2/repository/org/apache/maven/maven-error-diagnostics/2.2.1/maven-error-diagnostics-2.2.1.jar:/home/coussotc/.m2/repository/org/apache/maven/maven-monitor/2.2.1/maven-monitor-2.2.1.jar:/home/coussotc/.m2/repository/classworlds/classworlds/1.1/classworlds-1.1.jar:/home/coussotc/.m2/repository/org/sonatype/plexus/plexus-sec-dispatcher/1.3/plexus-sec-dispatcher-1.3.jar:/home/coussotc/.m2/repository/org/sonatype/plexus/plexus-cipher/1.4/plexus-cipher-1.4.jar:/home/coussotc/.m2/repository/org/apache/maven/maven-toolchain/2.2.1/maven-toolchain-2.2.1.jar:/home/coussotc/.m2/repository/org/codehaus/plexus/plexus-java/0.9.10/plexus-java-0.9.10.jar:/home/coussotc/.m2/repository/org/ow2/asm/asm/6.2/asm-6.2.jar:/home/coussotc/.m2/repository/com/thoughtworks/qdox/qdox/2.0-M8/qdox-2.0-M8.jar:/home/coussotc/.m2/repository/org/springframework/boot/spring-boot-starter-test/2.6.6/spring-boot-starter-test-2.6.6.jar:/home/coussotc/.m2/repository/org/springframework/boot/spring-boot-test/2.6.6/spring-boot-test-2.6.6.jar:/home/coussotc/.m2/repository/org/springframework/boot/spring-boot-test-autoconfigure/2.6.6/spring-boot-test-autoconfigure-2.6.6.jar:/home/coussotc/.m2/repository/com/jayway/jsonpath/json-path/2.6.0/json-path-2.6.0.jar:/home/coussotc/.m2/repository/net/minidev/json-smart/2.4.8/json-smart-2.4.8.jar:/home/coussotc/.m2/repository/net/minidev/accessors-smart/2.4.8/accessors-smart-2.4.8.jar:/home/coussotc/.m2/repository/org/slf4j/slf4j-api/1.7.36/slf4j-api-1.7.36.jar:/home/coussotc/.m2/repository/jakarta/xml/bind/jakarta.xml.bind-api/2.3.3/jakarta.xml.bind-api-2.3.3.jar:/home/coussotc/.m2/repository/jakarta/activation/jakarta.activation-api/1.2.2/jakarta.activation-api-1.2.2.jar:/home/coussotc/.m2/repository/org/assertj/assertj-core/3.21.0/assertj-core-3.21.0.jar:/home/coussotc/.m2/repository/org/hamcrest/hamcrest/2.2/hamcrest-2.2.jar:/home/coussotc/.m2/repository/org/junit/jupiter/junit-jupiter/5.8.2/junit-jupiter-5.8.2.jar:/home/coussotc/.m2/repository/org/junit/jupiter/junit-jupiter-api/5.8.2/junit-jupiter-api-5.8.2.jar:/home/coussotc/.m2/repository/org/opentest4j/opentest4j/1.2.0/opentest4j-1.2.0.jar:/home/coussotc/.m2/repository/org/junit/platform/junit-platform-commons/1.8.2/junit-platform-commons-1.8.2.jar:/home/coussotc/.m2/repository/org/apiguardian/apiguardian-api/1.1.2/apiguardian-api-1.1.2.jar:/home/coussotc/.m2/repository/org/junit/jupiter/junit-jupiter-params/5.8.2/junit-jupiter-params-5.8.2.jar:/home/coussotc/.m2/repository/org/junit/jupiter/junit-jupiter-engine/5.8.2/junit-jupiter-engine-5.8.2.jar:/home/coussotc/.m2/repository/org/junit/platform/junit-platform-engine/1.8.2/junit-platform-engine-1.8.2.jar:/home/coussotc/.m2/repository/org/mockito/mockito-core/4.0.0/mockito-core-4.0.0.jar:/home/coussotc/.m2/repository/net/bytebuddy/byte-buddy/1.11.22/byte-buddy-1.11.22.jar:/home/coussotc/.m2/repository/net/bytebuddy/byte-buddy-agent/1.11.22/byte-buddy-agent-1.11.22.jar:/home/coussotc/.m2/repository/org/objenesis/objenesis/3.2/objenesis-3.2.jar:/home/coussotc/.m2/repository/org/mockito/mockito-junit-jupiter/4.0.0/mockito-junit-jupiter-4.0.0.jar:/home/coussotc/.m2/repository/org/skyscreamer/jsonassert/1.5.0/jsonassert-1.5.0.jar:/home/coussotc/.m2/repository/org/springframework/spring-test/5.3.18/spring-test-5.3.18.jar:/home/coussotc/.m2/repository/org/xmlunit/xmlunit-core/2.8.4/xmlunit-core-2.8.4.jar:"/>
    <property name="java.vm.vendor" value="Ubuntu"/>
    <property name="sun.arch.data.model" value="64"/>
    <property name="java.vendor.url" value="https://ubuntu.com/"/>
    <property name="user.timezone" value=""/>
    <property name="java.vm.specification.version" value="11"/>
    <property name="os.name" value="Linux"/>
    <property name="sun.java.launcher" value="SUN_STANDARD"/>
    <property name="user.country" value="US"/>
    <property name="sun.boot.library.path" value="/usr/lib/jvm/java-11-openjdk-amd64/lib"/>
    <property name="sun.java.command" value="/home/coussotc/dev/theia-ozcar-projects/backend-springboot/apiclient/apiclient-restcountries/target/surefire/surefirebooter1916352897916535627.jar /home/coussotc/dev/theia-ozcar-projects/backend-springboot/apiclient/apiclient-restcountries/target/surefire 2022-04-13T11-23-40_052-jvmRun1 surefire11931325206227897222tmp surefire_4738583609414152570tmp"/>
    <property name="jdk.debug" value="release"/>
    <property name="surefire.test.class.path" value="/home/coussotc/dev/theia-ozcar-projects/backend-springboot/apiclient/apiclient-restcountries/target/test-classes:/home/coussotc/dev/theia-ozcar-projects/backend-springboot/apiclient/apiclient-restcountries/target/classes:/home/coussotc/dev/theia-ozcar-projects/backend-springboot/apiclient/apiclient-common/target/apiclient-common-0.0.1-SNAPSHOT.jar:/home/coussotc/.m2/repository/org/springframework/boot/spring-boot-starter-web/2.6.6/spring-boot-starter-web-2.6.6.jar:/home/coussotc/.m2/repository/org/springframework/boot/spring-boot-starter-json/2.6.6/spring-boot-starter-json-2.6.6.jar:/home/coussotc/.m2/repository/com/fasterxml/jackson/core/jackson-databind/2.12.1/jackson-databind-2.12.1.jar:/home/coussotc/.m2/repository/com/fasterxml/jackson/core/jackson-annotations/2.12.1/jackson-annotations-2.12.1.jar:/home/coussotc/.m2/repository/com/fasterxml/jackson/core/jackson-core/2.12.1/jackson-core-2.12.1.jar:/home/coussotc/.m2/repository/com/fasterxml/jackson/datatype/jackson-datatype-jdk8/2.12.1/jackson-datatype-jdk8-2.12.1.jar:/home/coussotc/.m2/repository/com/fasterxml/jackson/datatype/jackson-datatype-jsr310/2.12.1/jackson-datatype-jsr310-2.12.1.jar:/home/coussotc/.m2/repository/com/fasterxml/jackson/module/jackson-module-parameter-names/2.12.1/jackson-module-parameter-names-2.12.1.jar:/home/coussotc/.m2/repository/org/springframework/boot/spring-boot-starter-tomcat/2.6.6/spring-boot-starter-tomcat-2.6.6.jar:/home/coussotc/.m2/repository/org/apache/tomcat/embed/tomcat-embed-core/9.0.60/tomcat-embed-core-9.0.60.jar:/home/coussotc/.m2/repository/org/apache/tomcat/embed/tomcat-embed-el/9.0.60/tomcat-embed-el-9.0.60.jar:/home/coussotc/.m2/repository/org/apache/tomcat/embed/tomcat-embed-websocket/9.0.60/tomcat-embed-websocket-9.0.60.jar:/home/coussotc/.m2/repository/org/springframework/spring-web/5.3.18/spring-web-5.3.18.jar:/home/coussotc/.m2/repository/org/springframework/spring-beans/5.3.18/spring-beans-5.3.18.jar:/home/coussotc/.m2/repository/org/springframework/spring-webmvc/5.3.18/spring-webmvc-5.3.18.jar:/home/coussotc/.m2/repository/org/springframework/spring-aop/5.3.18/spring-aop-5.3.18.jar:/home/coussotc/.m2/repository/org/springframework/spring-expression/5.3.18/spring-expression-5.3.18.jar:/home/coussotc/.m2/repository/org/springframework/boot/spring-boot-starter/2.6.6/spring-boot-starter-2.6.6.jar:/home/coussotc/.m2/repository/org/springframework/boot/spring-boot/2.6.6/spring-boot-2.6.6.jar:/home/coussotc/.m2/repository/org/springframework/spring-context/5.3.18/spring-context-5.3.18.jar:/home/coussotc/.m2/repository/org/springframework/boot/spring-boot-starter-logging/2.6.6/spring-boot-starter-logging-2.6.6.jar:/home/coussotc/.m2/repository/ch/qos/logback/logback-classic/1.2.11/logback-classic-1.2.11.jar:/home/coussotc/.m2/repository/ch/qos/logback/logback-core/1.2.11/logback-core-1.2.11.jar:/home/coussotc/.m2/repository/org/apache/logging/log4j/log4j-to-slf4j/2.17.2/log4j-to-slf4j-2.17.2.jar:/home/coussotc/.m2/repository/org/apache/logging/log4j/log4j-api/2.17.2/log4j-api-2.17.2.jar:/home/coussotc/.m2/repository/org/slf4j/jul-to-slf4j/1.7.36/jul-to-slf4j-1.7.36.jar:/home/coussotc/.m2/repository/jakarta/annotation/jakarta.annotation-api/1.3.5/jakarta.annotation-api-1.3.5.jar:/home/coussotc/.m2/repository/org/springframework/spring-core/5.3.18/spring-core-5.3.18.jar:/home/coussotc/.m2/repository/org/springframework/spring-jcl/5.3.18/spring-jcl-5.3.18.jar:/home/coussotc/.m2/repository/org/yaml/snakeyaml/1.29/snakeyaml-1.29.jar:/home/coussotc/.m2/repository/org/springframework/boot/spring-boot-autoconfigure/2.6.6/spring-boot-autoconfigure-2.6.6.jar:/home/coussotc/.m2/repository/commons-io/commons-io/2.8.0/commons-io-2.8.0.jar:/home/coussotc/.m2/repository/org/apache/commons/commons-collections4/4.4/commons-collections4-4.4.jar:/home/coussotc/.m2/repository/org/apache/commons/commons-lang3/3.11/commons-lang3-3.11.jar:/home/coussotc/.m2/repository/org/apache/maven/plugins/maven-failsafe-plugin/2.22.2/maven-failsafe-plugin-2.22.2.jar:/home/coussotc/.m2/repository/org/apache/maven/surefire/maven-surefire-common/2.22.2/maven-surefire-common-2.22.2.jar:/home/coussotc/.m2/repository/org/apache/maven/maven-plugin-api/2.2.1/maven-plugin-api-2.2.1.jar:/home/coussotc/.m2/repository/org/apache/maven/plugin-tools/maven-plugin-annotations/3.5.2/maven-plugin-annotations-3.5.2.jar:/home/coussotc/.m2/repository/org/apache/maven/surefire/surefire-api/2.22.2/surefire-api-2.22.2.jar:/home/coussotc/.m2/repository/org/apache/maven/surefire/surefire-logger-api/2.22.2/surefire-logger-api-2.22.2.jar:/home/coussotc/.m2/repository/org/apache/maven/surefire/surefire-booter/2.22.2/surefire-booter-2.22.2.jar:/home/coussotc/.m2/repository/org/apache/maven/maven-artifact/2.2.1/maven-artifact-2.2.1.jar:/home/coussotc/.m2/repository/org/codehaus/plexus/plexus-utils/1.5.15/plexus-utils-1.5.15.jar:/home/coussotc/.m2/repository/org/apache/maven/maven-plugin-descriptor/2.2.1/maven-plugin-descriptor-2.2.1.jar:/home/coussotc/.m2/repository/org/codehaus/plexus/plexus-container-default/1.0-alpha-9-stable-1/plexus-container-default-1.0-alpha-9-stable-1.jar:/home/coussotc/.m2/repository/junit/junit/4.13.2/junit-4.13.2.jar:/home/coussotc/.m2/repository/org/hamcrest/hamcrest-core/2.2/hamcrest-core-2.2.jar:/home/coussotc/.m2/repository/org/apache/maven/maven-project/2.2.1/maven-project-2.2.1.jar:/home/coussotc/.m2/repository/org/apache/maven/maven-settings/2.2.1/maven-settings-2.2.1.jar:/home/coussotc/.m2/repository/org/apache/maven/maven-profile/2.2.1/maven-profile-2.2.1.jar:/home/coussotc/.m2/repository/org/apache/maven/maven-artifact-manager/2.2.1/maven-artifact-manager-2.2.1.jar:/home/coussotc/.m2/repository/backport-util-concurrent/backport-util-concurrent/3.1/backport-util-concurrent-3.1.jar:/home/coussotc/.m2/repository/org/apache/maven/maven-plugin-registry/2.2.1/maven-plugin-registry-2.2.1.jar:/home/coussotc/.m2/repository/org/codehaus/plexus/plexus-interpolation/1.11/plexus-interpolation-1.11.jar:/home/coussotc/.m2/repository/org/apache/maven/maven-model/2.2.1/maven-model-2.2.1.jar:/home/coussotc/.m2/repository/org/apache/maven/maven-core/2.2.1/maven-core-2.2.1.jar:/home/coussotc/.m2/repository/org/apache/maven/maven-plugin-parameter-documenter/2.2.1/maven-plugin-parameter-documenter-2.2.1.jar:/home/coussotc/.m2/repository/org/apache/maven/wagon/wagon-http/1.0-beta-6/wagon-http-1.0-beta-6.jar:/home/coussotc/.m2/repository/org/apache/maven/wagon/wagon-http-shared/1.0-beta-6/wagon-http-shared-1.0-beta-6.jar:/home/coussotc/.m2/repository/nekohtml/xercesMinimal/1.9.6.2/xercesMinimal-1.9.6.2.jar:/home/coussotc/.m2/repository/nekohtml/nekohtml/1.9.6.2/nekohtml-1.9.6.2.jar:/home/coussotc/.m2/repository/commons-httpclient/commons-httpclient/3.1/commons-httpclient-3.1.jar:/home/coussotc/.m2/repository/commons-codec/commons-codec/1.15/commons-codec-1.15.jar:/home/coussotc/.m2/repository/org/apache/maven/wagon/wagon-webdav-jackrabbit/1.0-beta-6/wagon-webdav-jackrabbit-1.0-beta-6.jar:/home/coussotc/.m2/repository/org/apache/jackrabbit/jackrabbit-webdav/1.5.0/jackrabbit-webdav-1.5.0.jar:/home/coussotc/.m2/repository/org/apache/jackrabbit/jackrabbit-jcr-commons/1.5.0/jackrabbit-jcr-commons-1.5.0.jar:/home/coussotc/.m2/repository/org/slf4j/slf4j-nop/1.7.36/slf4j-nop-1.7.36.jar:/home/coussotc/.m2/repository/org/slf4j/slf4j-jdk14/1.7.36/slf4j-jdk14-1.7.36.jar:/home/coussotc/.m2/repository/org/slf4j/jcl-over-slf4j/1.7.36/jcl-over-slf4j-1.7.36.jar:/home/coussotc/.m2/repository/org/apache/maven/reporting/maven-reporting-api/2.2.1/maven-reporting-api-2.2.1.jar:/home/coussotc/.m2/repository/org/apache/maven/doxia/doxia-logging-api/1.1/doxia-logging-api-1.1.jar:/home/coussotc/.m2/repository/org/apache/maven/wagon/wagon-provider-api/1.0-beta-6/wagon-provider-api-1.0-beta-6.jar:/home/coussotc/.m2/repository/org/apache/maven/maven-repository-metadata/2.2.1/maven-repository-metadata-2.2.1.jar:/home/coussotc/.m2/repository/org/apache/maven/maven-error-diagnostics/2.2.1/maven-error-diagnostics-2.2.1.jar:/home/coussotc/.m2/repository/org/apache/maven/maven-monitor/2.2.1/maven-monitor-2.2.1.jar:/home/coussotc/.m2/repository/classworlds/classworlds/1.1/classworlds-1.1.jar:/home/coussotc/.m2/repository/org/sonatype/plexus/plexus-sec-dispatcher/1.3/plexus-sec-dispatcher-1.3.jar:/home/coussotc/.m2/repository/org/sonatype/plexus/plexus-cipher/1.4/plexus-cipher-1.4.jar:/home/coussotc/.m2/repository/org/apache/maven/maven-toolchain/2.2.1/maven-toolchain-2.2.1.jar:/home/coussotc/.m2/repository/org/codehaus/plexus/plexus-java/0.9.10/plexus-java-0.9.10.jar:/home/coussotc/.m2/repository/org/ow2/asm/asm/6.2/asm-6.2.jar:/home/coussotc/.m2/repository/com/thoughtworks/qdox/qdox/2.0-M8/qdox-2.0-M8.jar:/home/coussotc/.m2/repository/org/springframework/boot/spring-boot-starter-test/2.6.6/spring-boot-starter-test-2.6.6.jar:/home/coussotc/.m2/repository/org/springframework/boot/spring-boot-test/2.6.6/spring-boot-test-2.6.6.jar:/home/coussotc/.m2/repository/org/springframework/boot/spring-boot-test-autoconfigure/2.6.6/spring-boot-test-autoconfigure-2.6.6.jar:/home/coussotc/.m2/repository/com/jayway/jsonpath/json-path/2.6.0/json-path-2.6.0.jar:/home/coussotc/.m2/repository/net/minidev/json-smart/2.4.8/json-smart-2.4.8.jar:/home/coussotc/.m2/repository/net/minidev/accessors-smart/2.4.8/accessors-smart-2.4.8.jar:/home/coussotc/.m2/repository/org/slf4j/slf4j-api/1.7.36/slf4j-api-1.7.36.jar:/home/coussotc/.m2/repository/jakarta/xml/bind/jakarta.xml.bind-api/2.3.3/jakarta.xml.bind-api-2.3.3.jar:/home/coussotc/.m2/repository/jakarta/activation/jakarta.activation-api/1.2.2/jakarta.activation-api-1.2.2.jar:/home/coussotc/.m2/repository/org/assertj/assertj-core/3.21.0/assertj-core-3.21.0.jar:/home/coussotc/.m2/repository/org/hamcrest/hamcrest/2.2/hamcrest-2.2.jar:/home/coussotc/.m2/repository/org/junit/jupiter/junit-jupiter/5.8.2/junit-jupiter-5.8.2.jar:/home/coussotc/.m2/repository/org/junit/jupiter/junit-jupiter-api/5.8.2/junit-jupiter-api-5.8.2.jar:/home/coussotc/.m2/repository/org/opentest4j/opentest4j/1.2.0/opentest4j-1.2.0.jar:/home/coussotc/.m2/repository/org/junit/platform/junit-platform-commons/1.8.2/junit-platform-commons-1.8.2.jar:/home/coussotc/.m2/repository/org/apiguardian/apiguardian-api/1.1.2/apiguardian-api-1.1.2.jar:/home/coussotc/.m2/repository/org/junit/jupiter/junit-jupiter-params/5.8.2/junit-jupiter-params-5.8.2.jar:/home/coussotc/.m2/repository/org/junit/jupiter/junit-jupiter-engine/5.8.2/junit-jupiter-engine-5.8.2.jar:/home/coussotc/.m2/repository/org/junit/platform/junit-platform-engine/1.8.2/junit-platform-engine-1.8.2.jar:/home/coussotc/.m2/repository/org/mockito/mockito-core/4.0.0/mockito-core-4.0.0.jar:/home/coussotc/.m2/repository/net/bytebuddy/byte-buddy/1.11.22/byte-buddy-1.11.22.jar:/home/coussotc/.m2/repository/net/bytebuddy/byte-buddy-agent/1.11.22/byte-buddy-agent-1.11.22.jar:/home/coussotc/.m2/repository/org/objenesis/objenesis/3.2/objenesis-3.2.jar:/home/coussotc/.m2/repository/org/mockito/mockito-junit-jupiter/4.0.0/mockito-junit-jupiter-4.0.0.jar:/home/coussotc/.m2/repository/org/skyscreamer/jsonassert/1.5.0/jsonassert-1.5.0.jar:/home/coussotc/.m2/repository/org/springframework/spring-test/5.3.18/spring-test-5.3.18.jar:/home/coussotc/.m2/repository/org/xmlunit/xmlunit-core/2.8.4/xmlunit-core-2.8.4.jar:"/>
    <property name="sun.cpu.endian" value="little"/>
    <property name="user.home" value="/home/coussotc"/>
    <property name="user.language" value="en"/>
    <property name="java.specification.vendor" value="Oracle Corporation"/>
    <property name="java.version.date" value="2022-02-08"/>
    <property name="java.home" value="/usr/lib/jvm/java-11-openjdk-amd64"/>
    <property name="file.separator" value="/"/>
    <property name="basedir" value="/home/coussotc/dev/theia-ozcar-projects/backend-springboot/apiclient/apiclient-restcountries"/>
    <property name="java.vm.compressedOopsMode" value="Zero based"/>
    <property name="line.separator" value="&#10;"/>
    <property name="java.specification.name" value="Java Platform API Specification"/>
    <property name="java.vm.specification.vendor" value="Oracle Corporation"/>
    <property name="java.awt.graphicsenv" value="sun.awt.X11GraphicsEnvironment"/>
    <property name="surefire.real.class.path" value="/home/coussotc/dev/theia-ozcar-projects/backend-springboot/apiclient/apiclient-restcountries/target/surefire/surefirebooter1916352897916535627.jar"/>
    <property name="sun.management.compiler" value="HotSpot 64-Bit Tiered Compilers"/>
    <property name="java.runtime.version" value="11.0.14.1+1-Ubuntu-0ubuntu1.20.04"/>
    <property name="user.name" value="coussotc"/>
    <property name="path.separator" value=":"/>
    <property name="os.version" value="5.13.0-39-generic"/>
    <property name="java.runtime.name" value="OpenJDK Runtime Environment"/>
    <property name="file.encoding" value="UTF-8"/>
    <property name="java.vm.name" value="OpenJDK 64-Bit Server VM"/>
    <property name="localRepository" value="/home/coussotc/.m2/repository"/>
    <property name="java.vendor.url.bug" value="https://bugs.launchpad.net/ubuntu/+source/openjdk-lts"/>
    <property name="java.io.tmpdir" value="/tmp"/>
    <property name="idea.version" value="2021.2"/>
    <property name="java.version" value="11.0.14.1"/>
    <property name="user.dir" value="/home/coussotc/dev/theia-ozcar-projects/backend-springboot/apiclient/apiclient-restcountries"/>
    <property name="os.arch" value="amd64"/>
    <property name="java.vm.specification.name" value="Java Virtual Machine Specification"/>
    <property name="java.awt.printerjob" value="sun.print.PSPrinterJob"/>
    <property name="sun.os.patch.level" value="unknown"/>
    <property name="java.library.path" value="/usr/java/packages/lib:/usr/lib/x86_64-linux-gnu/jni:/lib/x86_64-linux-gnu:/usr/lib/x86_64-linux-gnu:/usr/lib/jni:/lib:/usr/lib"/>
    <property name="java.vm.info" value="mixed mode, sharing"/>
    <property name="java.vendor" value="Ubuntu"/>
    <property name="java.vm.version" value="11.0.14.1+1-Ubuntu-0ubuntu1.20.04"/>
    <property name="sun.io.unicode.encoding" value="UnicodeLittle"/>
    <property name="java.class.version" value="55.0"/>
  </properties>
  <testcase name="testGetEUCode" classname="fr.theialand.insitu.dataportal.api.restcountries.RestCountriesIT" time="0.307"/>
  <testcase name="testGetFRCountryShouldAnswerFRandMapResult" classname="fr.theialand.insitu.dataportal.api.restcountries.RestCountriesIT" time="0.841"/>
</testsuite>